<?xml version="1.0" encoding="UTF-8"?>
<testsuite xmlns:xsi="http://www.w3.org/2001/XMLSchema-instance" xsi:noNamespaceSchemaLocation="https://maven.apache.org/surefire/maven-surefire-plugin/xsd/surefire-test-report-3.0.xsd" version="3.0" name="com.example.homelink.controller.ShelterControllerTests" time="1.926" tests="1" errors="0" skipped="0" failures="1">
  <properties>
[...]
</properties>
  <testcase name="getAllShelters" classname="com.example.homelink.controller.ShelterControllerTests" time="0.122">
    <failure message="Status expected:&lt;200&gt; but was:&lt;500&gt;" type="java.lang.AssertionError"><![CDATA[java.lang.AssertionError: Status expected:<200> but was:<500>
	at org.springframework.test.util.AssertionErrors.fail(AssertionErrors.java:59)
	at org.springframework.test.util.AssertionErrors.assertEquals(AssertionErrors.java:122)
	at org.springframework.test.web.servlet.result.StatusResultMatchers.lambda$matcher$9(StatusResultMatchers.java:637)
	at org.springframework.test.web.servlet.MockMvc$1.andExpect(MockMvc.java:214)
	at com.example.homelink.controller.ShelterControllerTests.getAllShelters(ShelterControllerTests.java:43)
	at java.base/java.lang.reflect.Method.invoke(Method.java:580)
	at java.base/java.util.ArrayList.forEach(ArrayList.java:1596)
	at java.base/java.util.ArrayList.forEach(ArrayList.java:1596)
]]></failure>
    <system-out><![CDATA[13:02:35.540 [main] INFO org.springframework.test.context.support.AnnotationConfigContextLoaderUtils -- Could not detect default configuration classes for test class [com.example.homelink.controller.ShelterControllerTests]: ShelterControllerTests does not declare any static, non-private, non-final, nested classes annotated with @Configuration.
13:02:35.637 [main] INFO org.springframework.boot.test.context.SpringBootTestContextBootstrapper -- Found @SpringBootConfiguration com.example.homelink.HomeLinkApplication for test class com.example.homelink.controller.ShelterControllerTests

  .   ____          _            __ _ _
 /\\ / ___'_ __ _ _(_)_ __  __ _ \ \ \ \
( ( )\___ | '_ | '_| | '_ \/ _` | \ \ \ \
 \\/  ___)| |_)| | | | | || (_| |  ) ) ) )
  '  |____| .__|_| |_|_| |_\__, | / / / /
 =========|_|==============|___/=/_/_/_/
 :: Spring Boot ::                (v3.2.0)

2024-02-05T13:02:35.878-05:00  INFO 69973 --- [           main] c.e.h.controller.ShelterControllerTests  : Starting ShelterControllerTests using Java 21.0.1 with PID 69973 (started by albertohuerta in /Users/albertohuerta/Projects/home-link/backend_Spring)
2024-02-05T13:02:35.879-05:00  INFO 69973 --- [           main] c.e.h.controller.ShelterControllerTests  : No active profile set, falling back to 1 default profile: "default"
2024-02-05T13:02:37.164-05:00  INFO 69973 --- [           main] o.s.b.t.m.w.SpringBootMockServletContext : Initializing Spring TestDispatcherServlet ''
2024-02-05T13:02:37.164-05:00  INFO 69973 --- [           main] o.s.t.web.servlet.TestDispatcherServlet  : Initializing Servlet ''
2024-02-05T13:02:37.166-05:00  INFO 69973 --- [           main] o.s.t.web.servlet.TestDispatcherServlet  : Completed initialization in 1 ms
2024-02-05T13:02:37.192-05:00  INFO 69973 --- [           main] c.e.h.controller.ShelterControllerTests  : Started ShelterControllerTests in 1.501 seconds (process running for 2.172)
2024-02-05T13:02:37.273-05:00  WARN 69973 --- [           main] o.s.web.servlet.PageNotFound             : No mapping for GET /shelter

MockHttpServletRequest:
      HTTP Method = GET
      Request URI = /shelter
       Parameters = {}
          Headers = [Content-Type:"application/json;charset=UTF-8"]
             Body = null
    Session Attrs = {}

Handler:
             Type = null

Async:
    Async started = false
     Async result = null

Resolved Exception:
             Type = org.springframework.web.servlet.NoHandlerFoundException

ModelAndView:
        View name = null
             View = null
            Model = null

FlashMap:
       Attributes = null

MockHttpServletResponse:
           Status = 500
    Error message = null
          Headers = [Content-Type:"application/json"]
     Content type = application/json
             Body = {"timestamp":[2024,2,5,13,2,37,282619000],"message":"Error Occurred","details":"No endpoint GET /shelter."}
    Forwarded URL = null
   Redirected URL = null
          Cookies = []
]]></system-out>
    <system-err><![CDATA[WARNING: A Java agent has been loaded dynamically (/Users/albertohuerta/.m2/repository/net/bytebuddy/byte-buddy-agent/1.14.10/byte-buddy-agent-1.14.10.jar)
WARNING: If a serviceability tool is in use, please run with -XX:+EnableDynamicAgentLoading to hide this warning
WARNING: If a serviceability tool is not in use, please run with -Djdk.instrument.traceUsage for more information
WARNING: Dynamic loading of agents will be disallowed by default in a future release
]]></system-err>
  </testcase>
</testsuite>